/api/v1/fillial/create/___POST___1696663701895___InternalServerError___Column count doesn't match value count at row 1
/api/v1/myid/check___POST___1696683948110___InternalServerError___Cannot read properties of null (reading 'status')
/api/v1/myid___POST___1696683992489___InternalServerError___Request failed with status code 404
/api/v1/myid/check___POST___1696684154315___InternalServerError___Cannot read properties of null (reading 'status')
/api/v1/myid___POST___1696684164879___InternalServerError___Request failed with status code 404
/api/v1/myid/check___POST___1696684228644___InternalServerError___Cannot read properties of null (reading 'status')
/api/v1/myid___POST___1696684240961___InternalServerError___Request failed with status code 404
/api/v1/myid___POST___1696684321911___InternalServerError___Request failed with status code 404
/api/v1/myid___POST___1696684412574___InternalServerError___Request failed with status code 404
/api/v1/myid___POST___1696684514882___InternalServerError___Request failed with status code 404
/api/v1/zayavka/update/2___POST___1696685717940___InternalServerError___connect ECONNREFUSED ::1:80
/api/v1/zayavka/update/2___POST___1696685738167___InternalServerError___connect ECONNREFUSED ::1:80
/api/v1/zayavka/update/2___POST___1696685751207___InternalServerError___connect ECONNREFUSED ::1:80
/api/v1/zayavka/update/2___POST___1696685964211___InternalServerError___zayavka is not defined
/api/v1/zayavka/update/2___POST___1696685965676___InternalServerError___zayavka is not defined
/test___GET___1696722096980___ReferenceError___request is not defined
/test___GET___1696722123331___ReferenceError___request is not defined
/test___GET___1696722124610___ReferenceError___request is not defined
/test___GET___1696722132427___ReferenceError___request is not defined
/test___GET___1696722133780___ReferenceError___request is not defined
/test___GET___1696722211349___ReferenceError___request is not defined
